<?xml version="1.0" encoding="UTF-8"?>
<testsuite name="Tests" tests="1" skipped="0" failures="0" errors="0" timestamp="2023-04-13T19:05:12" hostname="DESKTOP-AE7SB0K" time="0.037">
  <properties/>
  <testcase name="decode()" classname="Tests" time="0.037"/>
  <system-out><![CDATA[]]></system-out>
  <system-err><![CDATA[]]></system-err>
</testsuite>
